<?xml version="1.0" encoding="utf-8" standalone="no"?>
<!--This file represents the results of running a test suite-->
<test-results name="C:\Documents and Settings\gdake\my documents\visual studio 2010\Projects\LitleSdkForNet\LitleSdkForNetTest\bin\Debug\LitleSdkForNetTest.exe" total="18" errors="0" failures="0" not-run="0" inconclusive="0" ignored="0" skipped="0" invalid="0" date="2012-04-06" time="09:48:06">
  <environment nunit-version="2.5.10.11092" clr-version="4.0.30319.239" os-version="Microsoft Windows NT 5.1.2600 Service Pack 3" platform="Win32NT" cwd="C:\Documents and Settings\gdake\my documents\visual studio 2010\Projects\LitleSdkForNet\LitleSdkForNetTest\bin\Debug" machine-name="VM-GDAKE" user="gdake" user-domain="LITLE" />
  <culture-info current-culture="en-US" current-uiculture="en-US" />
  <test-suite type="Assembly" name="C:\Documents and Settings\gdake\my documents\visual studio 2010\Projects\LitleSdkForNet\LitleSdkForNetTest\bin\Debug\LitleSdkForNetTest.exe" executed="True" result="Success" success="True" time="0.094" asserts="0">
    <results>
      <test-suite type="Namespace" name="LitleSdkForNetTest" executed="True" result="Success" success="True" time="0.078" asserts="0">
        <results>
          <test-suite type="Namespace" name="Certification" executed="True" result="Success" success="True" time="0.047" asserts="0">
            <results>
              <test-suite type="TestFixture" name="TestCert1Base" executed="True" result="Success" success="True" time="0.031" asserts="0">
                <results>
                  <test-case name="LitleSdkForNetTest.Certification.TestCert1Base.Test1Auth" executed="True" result="Success" success="True" time="0.016" asserts="0" />
                </results>
              </test-suite>
              <test-suite type="TestFixture" name="TestCert2AuthEnhanced" executed="True" result="Success" success="True" time="0.000" asserts="0">
                <results>
                  <test-case name="LitleSdkForNetTest.Certification.TestCert2AuthEnhanced.Test14" executed="True" result="Success" success="True" time="0.000" asserts="0" />
                </results>
              </test-suite>
              <test-suite type="TestFixture" name="TestCert3AuthReversal" executed="True" result="Success" success="True" time="0.000" asserts="0">
                <results>
                  <test-case name="LitleSdkForNetTest.Certification.TestCert3AuthReversal.Test32" executed="True" result="Success" success="True" time="0.000" asserts="0" />
                </results>
              </test-suite>
              <test-suite type="TestFixture" name="TestCert4Echeck" executed="True" result="Success" success="True" time="0.016" asserts="0">
                <results>
                  <test-case name="LitleSdkForNetTest.Certification.TestCert4Echeck.Test37" executed="True" result="Success" success="True" time="0.000" asserts="0" />
                </results>
              </test-suite>
              <test-suite type="TestFixture" name="TestCert5Token" executed="True" result="Success" success="True" time="0.000" asserts="0">
                <results>
                  <test-case name="LitleSdkForNetTest.Certification.TestCert5Token.Test50" executed="True" result="Success" success="True" time="0.000" asserts="0" />
                </results>
              </test-suite>
            </results>
          </test-suite>
          <test-suite type="Namespace" name="Functional" executed="True" result="Success" success="True" time="0.031" asserts="0">
            <results>
              <test-suite type="TestFixture" name="TestAuth" executed="True" result="Success" success="True" time="0.000" asserts="0">
                <results>
                  <test-case name="LitleSdkForNetTest.Functional.TestAuth.SimpleAuthWithCard" executed="True" result="Success" success="True" time="0.000" asserts="0" />
                </results>
              </test-suite>
              <test-suite type="TestFixture" name="TestAuthReversal" executed="True" result="Success" success="True" time="0.000" asserts="0">
                <results>
                  <test-case name="LitleSdkForNetTest.Functional.TestAuthReversal.SimpleAuthReversal" executed="True" result="Success" success="True" time="0.000" asserts="0" />
                </results>
              </test-suite>
              <test-suite type="TestFixture" name="TestCapture" executed="True" result="Success" success="True" time="0.000" asserts="0">
                <results>
                  <test-case name="LitleSdkForNetTest.Functional.TestCapture.SimpleCapture" executed="True" result="Success" success="True" time="0.000" asserts="0" />
                </results>
              </test-suite>
              <test-suite type="TestFixture" name="TestCaptureGivenAuth" executed="True" result="Success" success="True" time="0.000" asserts="0">
                <results>
                  <test-case name="LitleSdkForNetTest.Functional.TestCaptureGivenAuth.SimpleCaptureGivenAuthWithCard" executed="True" result="Success" success="True" time="0.000" asserts="0" />
                </results>
              </test-suite>
              <test-suite type="TestFixture" name="TestCredit" executed="True" result="Success" success="True" time="0.016" asserts="0">
                <results>
                  <test-case name="LitleSdkForNetTest.Functional.TestCredit.SimpleCreditWithCard" executed="True" result="Success" success="True" time="0.000" asserts="0" />
                </results>
              </test-suite>
              <test-suite type="TestFixture" name="TestEcheckCredit" executed="True" result="Success" success="True" time="0.000" asserts="0">
                <results>
                  <test-case name="LitleSdkForNetTest.Functional.TestEcheckCredit.SimpleEcheckCredit" executed="True" result="Success" success="True" time="0.000" asserts="0" />
                </results>
              </test-suite>
              <test-suite type="TestFixture" name="TestEcheckSale" executed="True" result="Success" success="True" time="0.000" asserts="0">
                <results>
                  <test-case name="LitleSdkForNetTest.Functional.TestEcheckSale.SimpleEcheckSaleWithEcheck" executed="True" result="Success" success="True" time="0.000" asserts="0" />
                </results>
              </test-suite>
              <test-suite type="TestFixture" name="TestEcheckVerification" executed="True" result="Success" success="True" time="0.000" asserts="0">
                <results>
                  <test-case name="LitleSdkForNetTest.Functional.TestEcheckVerification.SimpleEcheckVerification" executed="True" result="Success" success="True" time="0.000" asserts="0" />
                </results>
              </test-suite>
              <test-suite type="TestFixture" name="TestForceCapture" executed="True" result="Success" success="True" time="0.000" asserts="0">
                <results>
                  <test-case name="LitleSdkForNetTest.Functional.TestForceCapture.SimpleForceCaptureWithCard" executed="True" result="Success" success="True" time="0.000" asserts="0" />
                </results>
              </test-suite>
              <test-suite type="TestFixture" name="TestSale" executed="True" result="Success" success="True" time="0.000" asserts="0">
                <results>
                  <test-case name="LitleSdkForNetTest.Functional.TestSale.SimpleWithCard" executed="True" result="Success" success="True" time="0.000" asserts="0" />
                </results>
              </test-suite>
              <test-suite type="TestFixture" name="TestSimpleEcheckRedeposit" executed="True" result="Success" success="True" time="0.000" asserts="0">
                <results>
                  <test-case name="LitleSdkForNetTest.Functional.TestSimpleEcheckRedeposit.SimpleEcheckRedeposit" executed="True" result="Success" success="True" time="0.000" asserts="0" />
                </results>
              </test-suite>
              <test-suite type="TestFixture" name="TestToken" executed="True" result="Success" success="True" time="0.000" asserts="0">
                <results>
                  <test-case name="LitleSdkForNetTest.Functional.TestToken.SimpleToken" executed="True" result="Success" success="True" time="0.000" asserts="0" />
                </results>
              </test-suite>
            </results>
          </test-suite>
          <test-suite type="Namespace" name="Unit" executed="True" result="Success" success="True" time="0.000" asserts="0">
            <results>
              <test-suite type="TestFixture" name="TestCert1Base" executed="True" result="Success" success="True" time="0.000" asserts="0">
                <results>
                  <test-case name="LitleSdkForNetTest.Unit.TestCert1Base.Test1Auth" executed="True" result="Success" success="True" time="0.000" asserts="0" />
                </results>
              </test-suite>
            </results>
          </test-suite>
        </results>
      </test-suite>
    </results>
  </test-suite>
</test-results>